#
# A fatal error has been detected by the Java Runtime Environment:
#
#  EXCEPTION_ACCESS_VIOLATION (0xc0000005) at pc=0x0000000068655111, pid=3372, tid=0x00000000000025bc
#
# JRE version: Java(TM) SE Runtime Environment (8.0_131-b11) (build 1.8.0_131-b11)
# Java VM: Java HotSpot(TM) 64-Bit Server VM (25.131-b11 mixed mode windows-amd64 compressed oops)
# Problematic frame:
# V  [jvm.dll+0x115111]
#
# Failed to write core dump. Minidumps are not enabled by default on client versions of Windows
#
# If you would like to submit a bug report, please visit:
#   http://bugreport.java.com/bugreport/crash.jsp
#

---------------  T H R E A D  ---------------

Current thread (0x0000000002423000):  GCTaskThread [stack: 0x00000000128c0000,0x00000000129c0000] [id=9660]

siginfo: ExceptionCode=0xc0000005, reading address 0x0000000712e8a008

Registers:
RAX=0x0000000012ac0000, RBX=0x0000000712e8a000, RCX=0x0000000000000000, RDX=0x0000000000000001
RSP=0x00000000129bf770, RBP=0x0000000792e89ffc, RSI=0x00000000199a5390, RDI=0x00000000199a5390
R8 =0x000000000008d450, R9 =0x00000007c0099608, R10=0x000000000000000c, R11=0x0000000068b41078
R12=0x0000000792e8a000, R13=0x00000007c0099848, R14=0x00000007c0099850, R15=0x0000000792e89fe8
RIP=0x0000000068655111, EFLAGS=0x0000000000010202

Top of Stack: (sp=0x00000000129bf770)
0x00000000129bf770:   00000007c0099608 0000000792e8a0f4
0x00000000129bf780:   0000000000000003 000000006875da92
0x00000000129bf790:   0000000000000000 00000000000003d8
0x00000000129bf7a0:   0000000002423928 000000000241b0c0
0x00000000129bf7b0:   00000000000008be 0000000068938160
0x00000000129bf7c0:   000000001aa29640 00000000024a8aa0
0x00000000129bf7d0:   00000000199a5390 0000000002423550
0x00000000129bf7e0:   0000000000000000 0000000000000c00
0x00000000129bf7f0:   0000000000000000 0000000000000000
0x00000000129bf800:   0000000000000000 00000000022fd800
0x00000000129bf810:   0000000000000001 0000000000000001
0x00000000129bf820:   00006eaae242425d 0000000002423928
0x00000000129bf830:   0000000002423550 00000000000003d8
0x00000000129bf840:   0000000002423550 000000000241b0c0
0x00000000129bf850:   0000000002423540 00000000024a8aa0
0x00000000129bf860:   00000000199a5390 00000000689351e3 

Instructions: (pc=0x0000000068655111)
0x00000000686550f1:   48 8b 05 58 76 70 00 4a 8b 0c c0 48 0f a3 d1 0f
0x0000000068655101:   82 59 01 00 00 0f b6 15 a4 82 6f 00 84 d2 74 16
0x0000000068655111:   44 8b 43 08 8b 0d 8d b6 68 00 49 d3 e0 4c 03 05
0x0000000068655121:   7b b6 68 00 eb 04 4c 8b 43 08 45 8b 48 08 45 85 


Register to memory mapping:

RAX=0x0000000012ac0000 is an unknown value
RBX=0x0000000712e8a000 is an unallocated location in the heap
RCX=0x0000000000000000 is an unknown value
RDX=0x0000000000000001 is an unknown value
RSP=0x00000000129bf770 is an unknown value
RBP=0x0000000792e89ffc is an unknown value
RSI=0x00000000199a5390 is an unknown value
RDI=0x00000000199a5390 is an unknown value
R8 =0x000000000008d450 is an unknown value
R9 =0x00000007c0099608 is pointing into metadata
R10=0x000000000000000c is an unknown value
R11=0x0000000068b41078 is an unknown value
R12=0x0000000792e8a000 is an oop
com.google.inject.TypeLiteral 
 - klass: 'com/google/inject/TypeLiteral'
R13=0x00000007c0099848 is pointing into metadata
R14=0x00000007c0099850 is pointing into metadata
R15=0x0000000792e89fe8 is an oop
com.google.inject.Key 
 - klass: 'com/google/inject/Key'


Stack: [0x00000000128c0000,0x00000000129c0000],  sp=0x00000000129bf770,  free space=1021k
Native frames: (J=compiled Java code, j=interpreted, Vv=VM code, C=native code)
V  [jvm.dll+0x115111]
V  [jvm.dll+0x3f8160]
V  [jvm.dll+0x3f51e3]
V  [jvm.dll+0x3f302e]
V  [jvm.dll+0x29cc1a]
C  [msvcr100.dll+0x21d9f]
C  [msvcr100.dll+0x21e3b]
C  [KERNEL32.DLL+0x13034]
C  [ntdll.dll+0x71461]


---------------  P R O C E S S  ---------------

Java Threads: ( => current thread )
  0x000000001b9aa800 JavaThread "Service Thread" daemon [_thread_blocked, id=2948, stack(0x000000001c4e0000,0x000000001c5e0000)]
  0x000000001b92f800 JavaThread "C1 CompilerThread3" daemon [_thread_blocked, id=6340, stack(0x000000001c3e0000,0x000000001c4e0000)]
  0x000000001b927000 JavaThread "C2 CompilerThread2" daemon [_thread_blocked, id=8672, stack(0x000000001c2e0000,0x000000001c3e0000)]
  0x000000001b925800 JavaThread "C2 CompilerThread1" daemon [_thread_blocked, id=7572, stack(0x000000001c1e0000,0x000000001c2e0000)]
  0x000000001b91e800 JavaThread "C2 CompilerThread0" daemon [_thread_blocked, id=3664, stack(0x000000001c0e0000,0x000000001c1e0000)]
  0x000000001b91c000 JavaThread "Attach Listener" daemon [_thread_blocked, id=9228, stack(0x000000001bfe0000,0x000000001c0e0000)]
  0x000000001b91b000 JavaThread "Signal Dispatcher" daemon [_thread_blocked, id=1788, stack(0x000000001bee0000,0x000000001bfe0000)]
  0x00000000024fe000 JavaThread "Finalizer" daemon [_thread_blocked, id=11056, stack(0x000000001bcf0000,0x000000001bdf0000)]
  0x00000000024f5000 JavaThread "Reference Handler" daemon [_thread_blocked, id=9624, stack(0x000000001b7f0000,0x000000001b8f0000)]
  0x00000000022fd800 JavaThread "main" [_thread_blocked, id=8052, stack(0x0000000002300000,0x0000000002400000)]

Other Threads:
  0x0000000019a09800 VMThread [stack: 0x000000001b6f0000,0x000000001b7f0000] [id=4748]
  0x000000001b9df000 WatcherThread [stack: 0x000000001c5e0000,0x000000001c6e0000] [id=8508]

=>0x0000000002423000 (exited) GCTaskThread [stack: 0x00000000128c0000,0x00000000129c0000] [id=9660]

VM state:at safepoint (normal execution)

VM Mutex/Monitor currently owned by a thread:  ([mutex/lock_event])
[0x00000000022fd440] Threads_lock - owner thread: 0x0000000019a09800
[0x00000000022fd640] Heap_lock - owner thread: 0x00000000022fd800

Heap:
 PSYoungGen      total 171008K, used 2975K [0x0000000780700000, 0x0000000793180000, 0x00000007c0000000)
  eden space 167936K, 0% used [0x0000000780700000,0x0000000780700000,0x000000078ab00000)
  from space 3072K, 96% used [0x0000000792e80000,0x0000000793167f40,0x0000000793180000)
  to   space 11264K, 0% used [0x0000000791b80000,0x0000000791b80000,0x0000000792680000)
 ParOldGen       total 131072K, used 19901K [0x0000000701400000, 0x0000000709400000, 0x0000000780700000)
  object space 131072K, 15% used [0x0000000701400000,0x000000070276f7c8,0x0000000709400000)
 Metaspace       used 16210K, capacity 16734K, committed 17024K, reserved 1064960K
  class space    used 1844K, capacity 2054K, committed 2176K, reserved 1048576K

Card table byte_map: [0x00000000118c0000,0x0000000011ec0000] byte_map_base: 0x000000000e0b6000

Marking Bits: (ParMarkBitMap*) 0x0000000068d5c720
 Begin Bits: [0x0000000012ac0000, 0x0000000015a70000)
 End Bits:   [0x0000000015a70000, 0x0000000018a20000)

Polling page: 0x0000000000500000

CodeCache: size=245760Kb used=12793Kb max_used=12793Kb free=232966Kb
 bounds [0x0000000002500000, 0x0000000003190000, 0x0000000011500000]
 total_blobs=3708 nmethods=3377 adapters=243
 compilation: enabled

Compilation events (10 events):
Event: 50.527 Thread 0x000000001b92f800 3393  s    3       java.io.BufferedOutputStream::write (67 bytes)
Event: 50.528 Thread 0x000000001b92f800 nmethod 3393 0x0000000003183e10 code [0x0000000003183fe0, 0x0000000003184838]
Event: 50.570 Thread 0x000000001b92f800 3394       3       java.io.Writer::write (11 bytes)
Event: 50.570 Thread 0x000000001b92f800 nmethod 3394 0x0000000003187e10 code [0x0000000003187f80, 0x0000000003188288]
Event: 50.570 Thread 0x000000001b92f800 3395       3       sun.nio.cs.StreamEncoder::ensureOpen (18 bytes)
Event: 50.570 Thread 0x000000001b92f800 nmethod 3395 0x00000000031883d0 code [0x0000000003188540, 0x0000000003188788]
Event: 50.570 Thread 0x000000001b92f800 3396   !   3       java.nio.charset.CharsetEncoder::encode (285 bytes)
Event: 50.571 Thread 0x000000001b92f800 nmethod 3396 0x0000000003188850 code [0x0000000003188b20, 0x000000000318a118]
Event: 50.572 Thread 0x000000001b92f800 3397       3       java.io.OutputStreamWriter::write (11 bytes)
Event: 50.572 Thread 0x000000001b92f800 nmethod 3397 0x000000000318a9d0 code [0x000000000318ab40, 0x000000000318ace8]

GC Heap History (10 events):
Event: 18.587 GC heap after
Heap after GC invocations=10 (full 0):
 PSYoungGen      total 190464K, used 2000K [0x0000000780700000, 0x0000000794700000, 0x00000007c0000000)
  eden space 188416K, 0% used [0x0000000780700000,0x0000000780700000,0x000000078bf00000)
  from space 2048K, 97% used [0x0000000794500000,0x00000007946f4010,0x0000000794700000)
  to   space 11776K, 0% used [0x0000000793000000,0x0000000793000000,0x0000000793b80000)
 ParOldGen       total 131072K, used 10885K [0x0000000701400000, 0x0000000709400000, 0x0000000780700000)
  object space 131072K, 8% used [0x0000000701400000,0x0000000701ea1788,0x0000000709400000)
 Metaspace       used 14795K, capacity 15178K, committed 15488K, reserved 1062912K
  class space    used 1725K, capacity 1834K, committed 1920K, reserved 1048576K
}
Event: 19.247 GC heap before
{Heap before GC invocations=11 (full 0):
 PSYoungGen      total 190464K, used 190416K [0x0000000780700000, 0x0000000794700000, 0x00000007c0000000)
  eden space 188416K, 100% used [0x0000000780700000,0x000000078bf00000,0x000000078bf00000)
  from space 2048K, 97% used [0x0000000794500000,0x00000007946f4010,0x0000000794700000)
  to   space 11776K, 0% used [0x0000000793000000,0x0000000793000000,0x0000000793b80000)
 ParOldGen       total 131072K, used 10885K [0x0000000701400000, 0x0000000709400000, 0x0000000780700000)
  object space 131072K, 8% used [0x0000000701400000,0x0000000701ea1788,0x0000000709400000)
 Metaspace       used 14795K, capacity 15178K, committed 15488K, reserved 1062912K
  class space    used 1725K, capacity 1834K, committed 1920K, reserved 1048576K
Event: 19.249 GC heap after
Heap after GC invocations=11 (full 0):
 PSYoungGen      total 182784K, used 1032K [0x0000000780700000, 0x0000000794580000, 0x00000007c0000000)
  eden space 181248K, 0% used [0x0000000780700000,0x0000000780700000,0x000000078b800000)
  from space 1536K, 67% used [0x0000000793000000,0x0000000793102010,0x0000000793180000)
  to   space 12288K, 0% used [0x0000000793980000,0x0000000793980000,0x0000000794580000)
 ParOldGen       total 131072K, used 12789K [0x0000000701400000, 0x0000000709400000, 0x0000000780700000)
  object space 131072K, 9% used [0x0000000701400000,0x000000070207d798,0x0000000709400000)
 Metaspace       used 14795K, capacity 15178K, committed 15488K, reserved 1062912K
  class space    used 1725K, capacity 1834K, committed 1920K, reserved 1048576K
}
Event: 27.251 GC heap before
{Heap before GC invocations=12 (full 0):
 PSYoungGen      total 182784K, used 182280K [0x0000000780700000, 0x0000000794580000, 0x00000007c0000000)
  eden space 181248K, 100% used [0x0000000780700000,0x000000078b800000,0x000000078b800000)
  from space 1536K, 67% used [0x0000000793000000,0x0000000793102010,0x0000000793180000)
  to   space 12288K, 0% used [0x0000000793980000,0x0000000793980000,0x0000000794580000)
 ParOldGen       total 131072K, used 12789K [0x0000000701400000, 0x0000000709400000, 0x0000000780700000)
  object space 131072K, 9% used [0x0000000701400000,0x000000070207d798,0x0000000709400000)
 Metaspace       used 14795K, capacity 15178K, committed 15488K, reserved 1062912K
  class space    used 1725K, capacity 1834K, committed 1920K, reserved 1048576K
Event: 27.255 GC heap after
Heap after GC invocations=12 (full 0):
 PSYoungGen      total 180736K, used 6073K [0x0000000780700000, 0x0000000793f80000, 0x00000007c0000000)
  eden space 174592K, 0% used [0x0000000780700000,0x0000000780700000,0x000000078b180000)
  from space 6144K, 98% used [0x0000000793980000,0x0000000793f6e548,0x0000000793f80000)
  to   space 11776K, 0% used [0x0000000792880000,0x0000000792880000,0x0000000793400000)
 ParOldGen       total 131072K, used 13629K [0x0000000701400000, 0x0000000709400000, 0x0000000780700000)
  object space 131072K, 10% used [0x0000000701400000,0x000000070214f798,0x0000000709400000)
 Metaspace       used 14795K, capacity 15178K, committed 15488K, reserved 1062912K
  class space    used 1725K, capacity 1834K, committed 1920K, reserved 1048576K
}
Event: 37.889 GC heap before
{Heap before GC invocations=13 (full 0):
 PSYoungGen      total 180736K, used 180665K [0x0000000780700000, 0x0000000793f80000, 0x00000007c0000000)
  eden space 174592K, 100% used [0x0000000780700000,0x000000078b180000,0x000000078b180000)
  from space 6144K, 98% used [0x0000000793980000,0x0000000793f6e548,0x0000000793f80000)
  to   space 11776K, 0% used [0x0000000792880000,0x0000000792880000,0x0000000793400000)
 ParOldGen       total 131072K, used 13629K [0x0000000701400000, 0x0000000709400000, 0x0000000780700000)
  object space 131072K, 10% used [0x0000000701400000,0x000000070214f798,0x0000000709400000)
 Metaspace       used 15193K, capacity 15510K, committed 15744K, reserved 1062912K
  class space    used 1739K, capacity 1836K, committed 1920K, reserved 1048576K
Event: 37.902 GC heap after
Heap after GC invocations=13 (full 0):
 PSYoungGen      total 172032K, used 3648K [0x0000000780700000, 0x0000000793a00000, 0x00000007c0000000)
  eden space 167936K, 0% used [0x0000000780700000,0x0000000780700000,0x000000078ab00000)
  from space 4096K, 89% used [0x0000000792880000,0x0000000792c10020,0x0000000792c80000)
  to   space 11776K, 0% used [0x0000000792e80000,0x0000000792e80000,0x0000000793a00000)
 ParOldGen       total 131072K, used 18405K [0x0000000701400000, 0x0000000709400000, 0x0000000780700000)
  object space 131072K, 14% used [0x0000000701400000,0x00000007025f97a8,0x0000000709400000)
 Metaspace       used 15193K, capacity 15510K, committed 15744K, reserved 1062912K
  class space    used 1739K, capacity 1836K, committed 1920K, reserved 1048576K
}
Event: 50.573 GC heap before
{Heap before GC invocations=14 (full 0):
 PSYoungGen      total 172032K, used 59144K [0x0000000780700000, 0x0000000793a00000, 0x00000007c0000000)
  eden space 167936K, 33% used [0x0000000780700000,0x0000000783d32170,0x000000078ab00000)
  from space 4096K, 89% used [0x0000000792880000,0x0000000792c10020,0x0000000792c80000)
  to   space 11776K, 0% used [0x0000000792e80000,0x0000000792e80000,0x0000000793a00000)
 ParOldGen       total 131072K, used 18405K [0x0000000701400000, 0x0000000709400000, 0x0000000780700000)
  object space 131072K, 14% used [0x0000000701400000,0x00000007025f97a8,0x0000000709400000)
 Metaspace       used 16210K, capacity 16734K, committed 17024K, reserved 1064960K
  class space    used 1844K, capacity 2054K, committed 2176K, reserved 1048576K
Event: 50.577 GC heap after
Heap after GC invocations=14 (full 0):
 PSYoungGen      total 171008K, used 2975K [0x0000000780700000, 0x0000000793180000, 0x00000007c0000000)
  eden space 167936K, 0% used [0x0000000780700000,0x0000000780700000,0x000000078ab00000)
  from space 3072K, 96% used [0x0000000792e80000,0x0000000793167f40,0x0000000793180000)
  to   space 11264K, 0% used [0x0000000791b80000,0x0000000791b80000,0x0000000792680000)
 ParOldGen       total 131072K, used 19901K [0x0000000701400000, 0x0000000709400000, 0x0000000780700000)
  object space 131072K, 15% used [0x0000000701400000,0x000000070276f7c8,0x0000000709400000)
 Metaspace       used 16210K, capacity 16734K, committed 17024K, reserved 1064960K
  class space    used 1844K, capacity 2054K, committed 2176K, reserved 1048576K
}
Event: 50.577 GC heap before
{Heap before GC invocations=15 (full 1):
 PSYoungGen      total 171008K, used 2975K [0x0000000780700000, 0x0000000793180000, 0x00000007c0000000)
  eden space 167936K, 0% used [0x0000000780700000,0x0000000780700000,0x000000078ab00000)
  from space 3072K, 96% used [0x0000000792e80000,0x0000000793167f40,0x0000000793180000)
  to   space 11264K, 0% used [0x0000000791b80000,0x0000000791b80000,0x0000000792680000)
 ParOldGen       total 131072K, used 19901K [0x0000000701400000, 0x0000000709400000, 0x0000000780700000)
  object space 131072K, 15% used [0x0000000701400000,0x000000070276f7c8,0x0000000709400000)
 Metaspace       used 16210K, capacity 16734K, committed 17024K, reserved 1064960K
  class space    used 1844K, capacity 2054K, committed 2176K, reserved 1048576K

Deoptimization events (10 events):
Event: 38.054 Thread 0x00000000022fd800 Uncommon trap: reason=class_check action=maybe_recompile pc=0x0000000002f61f38 method=java.lang.StringCoding$StringEncoder.encode([CII)[B @ 30
Event: 38.054 Thread 0x00000000022fd800 Uncommon trap: reason=class_check action=maybe_recompile pc=0x0000000002f61f38 method=java.lang.StringCoding$StringEncoder.encode([CII)[B @ 30
Event: 38.054 Thread 0x00000000022fd800 Uncommon trap: reason=class_check action=maybe_recompile pc=0x0000000002f61f38 method=java.lang.StringCoding$StringEncoder.encode([CII)[B @ 30
Event: 38.054 Thread 0x00000000022fd800 Uncommon trap: reason=class_check action=maybe_recompile pc=0x0000000002f3cb88 method=java.lang.StringCoding$StringEncoder.encode([CII)[B @ 30
Event: 38.131 Thread 0x00000000022fd800 Uncommon trap: reason=unstable_if action=reinterpret pc=0x0000000002cba428 method=java.util.regex.Pattern.range(Ljava/util/regex/Pattern$BitClass;)Ljava/util/regex/Pattern$CharProperty; @ 108
Event: 38.131 Thread 0x00000000022fd800 Uncommon trap: reason=unstable_if action=reinterpret pc=0x0000000002b4edb4 method=java.util.regex.Pattern.range(Ljava/util/regex/Pattern$BitClass;)Ljava/util/regex/Pattern$CharProperty; @ 108
Event: 38.189 Thread 0x00000000022fd800 Uncommon trap: reason=unstable_if action=reinterpret pc=0x0000000002d1bf20 method=java.io.WinNTFileSystem.normalize(Ljava/lang/String;)Ljava/lang/String; @ 128
Event: 38.192 Thread 0x00000000022fd800 Uncommon trap: reason=range_check action=make_not_entrant pc=0x0000000002e1f1a8 method=java.lang.String.charAt(I)C @ 27
Event: 50.557 Thread 0x00000000022fd800 Uncommon trap: reason=unstable_if action=reinterpret pc=0x0000000002dc8040 method=java.util.StringTokenizer.setMaxDelimCodePoint()V @ 71
Event: 50.568 Thread 0x00000000022fd800 Uncommon trap: reason=unstable_if action=reinterpret pc=0x0000000002f1b9d0 method=sun.util.calendar.ZoneInfo.getOffsets(J[II)I @ 4

Internal exceptions (10 events):
Event: 1.311 Thread 0x00000000022fd800 Implicit null exception at 0x000000000286fe3b to 0x000000000287042d
Event: 1.508 Thread 0x00000000022fd800 Exception <a 'java/lang/NoClassDefFoundError': org/slf4j/Logger> (0x00000007809d2588) thrown at [C:\re\workspace\8-2-build-windows-amd64-cygwin\jdk8u131\8869\hotspot\src\share\vm\oops\constantPool.cpp, line 235]
Event: 1.817 Thread 0x00000000022fd800 Exception <a 'java/lang/NoClassDefFoundError': org/slf4j/Logger> (0x0000000782daaae8) thrown at [C:\re\workspace\8-2-build-windows-amd64-cygwin\jdk8u131\8869\hotspot\src\share\vm\oops\constantPool.cpp, line 235]
Event: 7.124 Thread 0x00000000022fd800 Exception <a 'java/lang/NoClassDefFoundError': org/slf4j/Logger> (0x0000000781af6148) thrown at [C:\re\workspace\8-2-build-windows-amd64-cygwin\jdk8u131\8869\hotspot\src\share\vm\oops\constantPool.cpp, line 235]
Event: 7.208 Thread 0x00000000022fd800 Exception <a 'java/lang/NoClassDefFoundError': org/slf4j/Logger> (0x00000007824bda10) thrown at [C:\re\workspace\8-2-build-windows-amd64-cygwin\jdk8u131\8869\hotspot\src\share\vm\oops\constantPool.cpp, line 235]
Event: 38.016 Thread 0x00000000022fd800 Implicit null exception at 0x0000000002dff630 to 0x0000000002e00c01
Event: 38.113 Thread 0x00000000022fd800 Exception <a 'java/lang/NoClassDefFoundError': org/slf4j/Logger> (0x0000000782897b18) thrown at [C:\re\workspace\8-2-build-windows-amd64-cygwin\jdk8u131\8869\hotspot\src\share\vm\oops\constantPool.cpp, line 235]
Event: 38.178 Thread 0x00000000022fd800 Exception <a 'java/lang/NoClassDefFoundError': org/slf4j/Logger> (0x00000007830d8018) thrown at [C:\re\workspace\8-2-build-windows-amd64-cygwin\jdk8u131\8869\hotspot\src\share\vm\oops\constantPool.cpp, line 235]
Event: 50.508 Thread 0x00000000022fd800 Exception <a 'java/lang/NoClassDefFoundError': org/slf4j/Logger> (0x0000000783ab3bd0) thrown at [C:\re\workspace\8-2-build-windows-amd64-cygwin\jdk8u131\8869\hotspot\src\share\vm\oops\constantPool.cpp, line 235]
Event: 50.568 Thread 0x00000000022fd800 Implicit null exception at 0x0000000002f1b622 to 0x0000000002f1b9ad

Events (10 events):
Event: 50.569 loading class org/apache/maven/artifact/repository/metadata/io/xpp3/MetadataXpp3Writer done
Event: 50.570 loading class org/sonatype/aether/repository/LocalMetadataRegistration
Event: 50.570 loading class org/sonatype/aether/repository/LocalMetadataRegistration done
Event: 50.571 loading class org/apache/maven/artifact/repository/metadata/ArtifactRepositoryMetadata
Event: 50.571 loading class org/apache/maven/artifact/repository/metadata/ArtifactRepositoryMetadata done
Event: 50.571 loading class org/apache/maven/artifact/repository/metadata/AbstractRepositoryMetadata
Event: 50.571 loading class org/apache/maven/artifact/repository/metadata/AbstractRepositoryMetadata done
Event: 50.572 loading class java/lang/Long$LongCache
Event: 50.572 loading class java/lang/Long$LongCache done
Event: 50.572 Executing VM operation: ParallelGCSystemGC


Dynamic libraries:
0x00007ff778e90000 - 0x00007ff778ec7000 	C:\Program Files\Java\jdk1.8.0_131\bin\java.exe
0x00007ffc9a1f0000 - 0x00007ffc9a3d1000 	C:\WINDOWS\SYSTEM32\ntdll.dll
0x00007ffc996e0000 - 0x00007ffc99792000 	C:\WINDOWS\System32\KERNEL32.DLL
0x00007ffc96e20000 - 0x00007ffc97093000 	C:\WINDOWS\System32\KERNELBASE.dll
0x00007ffc99f90000 - 0x00007ffc9a031000 	C:\WINDOWS\System32\ADVAPI32.dll
0x00007ffc977b0000 - 0x00007ffc9784e000 	C:\WINDOWS\System32\msvcrt.dll
0x00007ffc97fc0000 - 0x00007ffc9801b000 	C:\WINDOWS\System32\sechost.dll
0x00007ffc97680000 - 0x00007ffc977a4000 	C:\WINDOWS\System32\RPCRT4.dll
0x00007ffc97e30000 - 0x00007ffc97fc0000 	C:\WINDOWS\System32\USER32.dll
0x00007ffc970a0000 - 0x00007ffc970c0000 	C:\WINDOWS\System32\win32u.dll
0x00007ffc9a040000 - 0x00007ffc9a068000 	C:\WINDOWS\System32\GDI32.dll
0x00007ffc974e0000 - 0x00007ffc97672000 	C:\WINDOWS\System32\gdi32full.dll
0x00007ffc96cd0000 - 0x00007ffc96d6f000 	C:\WINDOWS\System32\msvcp_win.dll
0x00007ffc97360000 - 0x00007ffc9745a000 	C:\WINDOWS\System32\ucrtbase.dll
0x00007ffc849b0000 - 0x00007ffc84c19000 	C:\WINDOWS\WinSxS\amd64_microsoft.windows.common-controls_6595b64144ccf1df_6.0.17134.345_none_fb429a5930656358\COMCTL32.dll
0x00007ffc99960000 - 0x00007ffc99c83000 	C:\WINDOWS\System32\combase.dll
0x00007ffc97460000 - 0x00007ffc974da000 	C:\WINDOWS\System32\bcryptPrimitives.dll
0x00007ffc980a0000 - 0x00007ffc980cd000 	C:\WINDOWS\System32\IMM32.DLL
0x00007ffc961c0000 - 0x00007ffc962a9000 	C:\Windows\system32\guard64.dll
0x00007ffc961b0000 - 0x00007ffc961ba000 	C:\WINDOWS\system32\version.dll
0x00007ffc99c90000 - 0x00007ffc99de1000 	C:\WINDOWS\System32\ole32.dll
0x00007ffc96500000 - 0x00007ffc9650a000 	C:\WINDOWS\System32\fltlib.dll
0x0000000068460000 - 0x0000000068532000 	C:\Program Files\Java\jdk1.8.0_131\jre\bin\msvcr100.dll
0x0000000068540000 - 0x0000000068ddc000 	C:\Program Files\Java\jdk1.8.0_131\jre\bin\server\jvm.dll
0x00007ffc97850000 - 0x00007ffc97858000 	C:\WINDOWS\System32\PSAPI.DLL
0x00007ffc8fa90000 - 0x00007ffc8fa99000 	C:\WINDOWS\SYSTEM32\WSOCK32.dll
0x00007ffc99670000 - 0x00007ffc996dc000 	C:\WINDOWS\System32\WS2_32.dll
0x00007ffc90d10000 - 0x00007ffc90d33000 	C:\WINDOWS\SYSTEM32\WINMM.dll
0x00007ffc90550000 - 0x00007ffc9057a000 	C:\WINDOWS\SYSTEM32\WINMMBASE.dll
0x00007ffc97120000 - 0x00007ffc97169000 	C:\WINDOWS\System32\cfgmgr32.dll
0x0000000069480000 - 0x000000006948f000 	C:\Program Files\Java\jdk1.8.0_131\jre\bin\verify.dll
0x00000000683f0000 - 0x0000000068419000 	C:\Program Files\Java\jdk1.8.0_131\jre\bin\java.dll
0x0000000069460000 - 0x0000000069476000 	C:\Program Files\Java\jdk1.8.0_131\jre\bin\zip.dll
0x00007ffc981b0000 - 0x00007ffc995ef000 	C:\WINDOWS\System32\SHELL32.dll
0x00007ffc99810000 - 0x00007ffc998b9000 	C:\WINDOWS\System32\shcore.dll
0x00007ffc965c0000 - 0x00007ffc96ccd000 	C:\WINDOWS\System32\windows.storage.dll
0x00007ffc997a0000 - 0x00007ffc997f1000 	C:\WINDOWS\System32\shlwapi.dll
0x00007ffc965a0000 - 0x00007ffc965b1000 	C:\WINDOWS\System32\kernel.appcore.dll
0x00007ffc96510000 - 0x00007ffc9652f000 	C:\WINDOWS\System32\profapi.dll
0x00007ffc96550000 - 0x00007ffc9659c000 	C:\WINDOWS\System32\powrprof.dll
0x00000000683d0000 - 0x00000000683ea000 	C:\Program Files\Java\jdk1.8.0_131\jre\bin\net.dll
0x00007ffc95c20000 - 0x00007ffc95c86000 	C:\WINDOWS\system32\mswsock.dll
0x00000000683b0000 - 0x00000000683c1000 	C:\Program Files\Java\jdk1.8.0_131\jre\bin\nio.dll
0x00007ffc91340000 - 0x00007ffc91509000 	C:\WINDOWS\SYSTEM32\dbghelp.dll

VM Arguments:
jvm_args: -Dclassworlds.conf=C:\Program Files\NetBeans 8.2\java\maven\bin\m2.conf -Dmaven.home=C:\Program Files\NetBeans 8.2\java\maven 
java_command: org.codehaus.plexus.classworlds.launcher.Launcher -Dmaven.ext.class.path=C:\Program Files\NetBeans 8.2\java\maven-nblib\netbeans-eventspy.jar -Dfile.encoding=UTF-8 install
java_class_path (initial): C:\Program Files\NetBeans 8.2\java\maven\boot\plexus-classworlds-2.4.jar
Launcher Type: SUN_STANDARD

Environment Variables:
JAVA_HOME=C:\Program Files\Java\jdk1.8.0_131
PATH=C:\Program Files (x86)\NVIDIA Corporation\PhysX\Common;C:\Program Files (x86)\Common Files\Oracle\Java\javapath;C:\ProgramData\Oracle\Java\javapath;C:\WINDOWS\system32;C:\WINDOWS;C:\WINDOWS\System32\Wbem;C:\WINDOWS\System32\WindowsPowerShell\v1.0\;C:\Program Files (x86)\GtkSharp\2.12\bin;C:\Program Files\dotnet\;C:\WINDOWS\System32\OpenSSH\;C:\Program Files\Microsoft SQL Server\130\Tools\Binn\;C:\Users\OgarXVI\AppData\Local\Microsoft\WindowsApps;
USERNAME=OgarXVI
OS=Windows_NT
PROCESSOR_IDENTIFIER=Intel64 Family 6 Model 60 Stepping 3, GenuineIntel



---------------  S Y S T E M  ---------------

OS: Windows 10.0 , 64 bit Build 17134 (10.0.17134.1)

CPU:total 8 (initial active 8) (4 cores per cpu, 2 threads per core) family 6 model 60 stepping 3, cmov, cx8, fxsr, mmx, sse, sse2, sse3, ssse3, sse4.1, sse4.2, popcnt, avx, avx2, aes, clmul, erms, lzcnt, ht, tsc, tscinvbit, bmi1, bmi2

Memory: 4k page, physical 12493080k(7356872k free), swap 41853208k(30531164k free)

vm_info: Java HotSpot(TM) 64-Bit Server VM (25.131-b11) for windows-amd64 JRE (1.8.0_131-b11), built on Mar 15 2017 01:23:53 by "java_re" with MS VC++ 10.0 (VS2010)

time: Sat Oct 27 20:28:01 2018
elapsed time: 50 seconds (0d 0h 0m 50s)

